c:\users\ivan\google drive\coding\games\winter 2017\spritelib2_tip\spritelib2\x64\debug\vc140.pdb
c:\users\ivan\google drive\coding\games\winter 2017\spritelib2_tip\spritelib2\x64\debug\vc140.idb
c:\users\ivan\google drive\coding\games\winter 2017\spritelib2_tip\spritelib2\x64\debug\maincode.obj
c:\users\ivan\google drive\coding\games\winter 2017\spritelib2_tip\spritelib2\x64\debug\matrix4x4.obj
c:\users\ivan\google drive\coding\games\winter 2017\spritelib2_tip\spritelib2\x64\debug\shader.obj
c:\users\ivan\google drive\coding\games\winter 2017\spritelib2_tip\spritelib2\x64\debug\shapes.obj
c:\users\ivan\google drive\coding\games\winter 2017\spritelib2_tip\spritelib2\x64\debug\sprite.obj
c:\users\ivan\google drive\coding\games\winter 2017\spritelib2_tip\spritelib2\x64\debug\text.obj
c:\users\ivan\google drive\coding\games\winter 2017\spritelib2_tip\spritelib2\x64\debug\vector3.obj
c:\users\ivan\google drive\coding\games\winter 2017\spritelib2_tip\spritelib2\x64\debug\window.obj
c:\users\ivan\google drive\coding\games\winter 2017\spritelib2_tip\spritelib2\x64\debug\main.obj
c:\users\ivan\google drive\coding\games\winter 2017\spritelib2_tip\x64\debug\spritelib2.pdb
c:\users\ivan\google drive\coding\games\winter 2017\spritelib2_tip\spritelib2\x64\debug\spritelib2.tlog\cl.command.1.tlog
c:\users\ivan\google drive\coding\games\winter 2017\spritelib2_tip\spritelib2\x64\debug\spritelib2.tlog\cl.read.1.tlog
c:\users\ivan\google drive\coding\games\winter 2017\spritelib2_tip\spritelib2\x64\debug\spritelib2.tlog\cl.write.1.tlog
c:\users\ivan\google drive\coding\games\winter 2017\spritelib2_tip\spritelib2\x64\debug\spritelib2.tlog\link-cvtres.read.1.tlog
c:\users\ivan\google drive\coding\games\winter 2017\spritelib2_tip\spritelib2\x64\debug\spritelib2.tlog\link-cvtres.write.1.tlog
c:\users\ivan\google drive\coding\games\winter 2017\spritelib2_tip\spritelib2\x64\debug\spritelib2.tlog\link-rc.read.1.tlog
c:\users\ivan\google drive\coding\games\winter 2017\spritelib2_tip\spritelib2\x64\debug\spritelib2.tlog\link-rc.write.1.tlog
c:\users\ivan\google drive\coding\games\winter 2017\spritelib2_tip\spritelib2\x64\debug\spritelib2.tlog\link.command.1.tlog
c:\users\ivan\google drive\coding\games\winter 2017\spritelib2_tip\spritelib2\x64\debug\spritelib2.tlog\link.read.1.tlog
c:\users\ivan\google drive\coding\games\winter 2017\spritelib2_tip\spritelib2\x64\debug\spritelib2.tlog\link.write.1.tlog
